# JRE version: OpenJDK Runtime Environment (8.0_112-b06) (build 1.8.0_112-release-b06)
# Java VM: OpenJDK 64-Bit Server VM (25.112-b06 mixed mode windows-amd64 compressed oops)
Heap:
 PSYoungGen      total 389632K, used 175198K [0x00000000e0000000, 0x00000000fbc80000, 0x0000000100000000)
  eden space 351744K, 47% used [0x00000000e0000000,0x00000000ea2d8d38,0x00000000f5780000)
  from space 37888K, 22% used [0x00000000f9780000,0x00000000f9fbeb10,0x00000000fbc80000)
  to   space 51712K, 0% used [0x00000000f5780000,0x00000000f5780000,0x00000000f8a00000)
 ParOldGen       total 254464K, used 150931K [0x00000000a0000000, 0x00000000af880000, 0x00000000e0000000)
  object space 254464K, 59% used [0x00000000a0000000,0x00000000a9364d88,0x00000000af880000)
 Metaspace       used 75052K, capacity 79686K, committed 80000K, reserved 1118208K
  class space    used 9520K, capacity 10295K, committed 10368K, reserved 1048576K
GC Heap History (10 events):
Event: 1137.705 GC heap before
{Heap before GC invocations=21 (full 3):
 PSYoungGen      total 461824K, used 405399K [0x00000000e0000000, 0x00000000ffd80000, 0x0000000100000000)
  eden space 401920K, 100% used [0x00000000e0000000,0x00000000f8880000,0x00000000f8880000)
  from space 59904K, 5% used [0x00000000f8880000,0x00000000f8be5f90,0x00000000fc300000)
  to   space 59904K, 0% used [0x00000000fc300000,0x00000000fc300000,0x00000000ffd80000)
 ParOldGen       total 254464K, used 149899K [0x00000000a0000000, 0x00000000af880000, 0x00000000e0000000)
  object space 254464K, 58% used [0x00000000a0000000,0x00000000a9262d08,0x00000000af880000)
 Metaspace       used 73631K, capacity 77256K, committed 77440K, reserved 1116160K
  class space    used 9380K, capacity 10052K, committed 10112K, reserved 1048576K
Event: 1137.712 GC heap after
Heap after GC invocations=21 (full 3):
 PSYoungGen      total 461824K, used 3813K [0x00000000e0000000, 0x0000000100000000, 0x0000000100000000)
  eden space 401920K, 0% used [0x00000000e0000000,0x00000000e0000000,0x00000000f8880000)
  from space 59904K, 6% used [0x00000000fc300000,0x00000000fc6b9518,0x00000000ffd80000)
  to   space 59904K, 0% used [0x00000000f8880000,0x00000000f8880000,0x00000000fc300000)
 ParOldGen       total 254464K, used 150899K [0x00000000a0000000, 0x00000000af880000, 0x00000000e0000000)
  object space 254464K, 59% used [0x00000000a0000000,0x00000000a935cd88,0x00000000af880000)
 Metaspace       used 73631K, capacity 77256K, committed 77440K, reserved 1116160K
  class space    used 9380K, capacity 10052K, committed 10112K, reserved 1048576K
}
Event: 1489.033 GC heap before
{Heap before GC invocations=22 (full 3):
 PSYoungGen      total 461824K, used 405733K [0x00000000e0000000, 0x0000000100000000, 0x0000000100000000)
  eden space 401920K, 100% used [0x00000000e0000000,0x00000000f8880000,0x00000000f8880000)
  from space 59904K, 6% used [0x00000000fc300000,0x00000000fc6b9518,0x00000000ffd80000)
  to   space 59904K, 0% used [0x00000000f8880000,0x00000000f8880000,0x00000000fc300000)
 ParOldGen       total 254464K, used 150899K [0x00000000a0000000, 0x00000000af880000, 0x00000000e0000000)
  object space 254464K, 59% used [0x00000000a0000000,0x00000000a935cd88,0x00000000af880000)
 Metaspace       used 74226K, capacity 78306K, committed 78592K, reserved 1118208K
  class space    used 9445K, capacity 10165K, committed 10240K, reserved 1048576K
Event: 1489.041 GC heap after
Heap after GC invocations=22 (full 3):
 PSYoungGen      total 397312K, used 8693K [0x00000000e0000000, 0x00000000fec80000, 0x0000000100000000)
  eden space 388608K, 0% used [0x00000000e0000000,0x00000000e0000000,0x00000000f7b80000)
  from space 8704K, 99% used [0x00000000f8880000,0x00000000f90fd520,0x00000000f9100000)
  to   space 57856K, 0% used [0x00000000fb400000,0x00000000fb400000,0x00000000fec80000)
 ParOldGen       total 254464K, used 150907K [0x00000000a0000000, 0x00000000af880000, 0x00000000e0000000)
  object space 254464K, 59% used [0x00000000a0000000,0x00000000a935ed88,0x00000000af880000)
 Metaspace       used 74226K, capacity 78306K, committed 78592K, reserved 1118208K
  class space    used 9445K, capacity 10165K, committed 10240K, reserved 1048576K
}
Event: 1718.287 GC heap before
{Heap before GC invocations=23 (full 3):
 PSYoungGen      total 397312K, used 397301K [0x00000000e0000000, 0x00000000fec80000, 0x0000000100000000)
  eden space 388608K, 100% used [0x00000000e0000000,0x00000000f7b80000,0x00000000f7b80000)
  from space 8704K, 99% used [0x00000000f8880000,0x00000000f90fd520,0x00000000f9100000)
  to   space 57856K, 0% used [0x00000000fb400000,0x00000000fb400000,0x00000000fec80000)
 ParOldGen       total 254464K, used 150907K [0x00000000a0000000, 0x00000000af880000, 0x00000000e0000000)
  object space 254464K, 59% used [0x00000000a0000000,0x00000000a935ed88,0x00000000af880000)
 Metaspace       used 74460K, capacity 78768K, committed 78848K, reserved 1118208K
  class space    used 9463K, capacity 10218K, committed 10240K, reserved 1048576K
Event: 1718.293 GC heap after
Heap after GC invocations=23 (full 3):
 PSYoungGen      total 419840K, used 3466K [0x00000000e0000000, 0x00000000fdf00000, 0x0000000100000000)
  eden space 375808K, 0% used [0x00000000e0000000,0x00000000e0000000,0x00000000f6f00000)
  from space 44032K, 7% used [0x00000000fb400000,0x00000000fb762a60,0x00000000fdf00000)
  to   space 57344K, 0% used [0x00000000f6f00000,0x00000000f6f00000,0x00000000fa700000)
 ParOldGen       total 254464K, used 150915K [0x00000000a0000000, 0x00000000af880000, 0x00000000e0000000)
  object space 254464K, 59% used [0x00000000a0000000,0x00000000a9360d88,0x00000000af880000)
 Metaspace       used 74460K, capacity 78768K, committed 78848K, reserved 1118208K
  class space    used 9463K, capacity 10218K, committed 10240K, reserved 1048576K
}
Event: 1841.337 GC heap before
{Heap before GC invocations=24 (full 3):
 PSYoungGen      total 419840K, used 379274K [0x00000000e0000000, 0x00000000fdf00000, 0x0000000100000000)
  eden space 375808K, 100% used [0x00000000e0000000,0x00000000f6f00000,0x00000000f6f00000)
  from space 44032K, 7% used [0x00000000fb400000,0x00000000fb762a60,0x00000000fdf00000)
  to   space 57344K, 0% used [0x00000000f6f00000,0x00000000f6f00000,0x00000000fa700000)
 ParOldGen       total 254464K, used 150915K [0x00000000a0000000, 0x00000000af880000, 0x00000000e0000000)
  object space 254464K, 59% used [0x00000000a0000000,0x00000000a9360d88,0x00000000af880000)
 Metaspace       used 74833K, capacity 79400K, committed 79744K, reserved 1118208K
  class space    used 9502K, capacity 10274K, committed 10368K, reserved 1048576K
Event: 1841.346 GC heap after
Heap after GC invocations=24 (full 3):
 PSYoungGen      total 379392K, used 15802K [0x00000000e0000000, 0x00000000fcc00000, 0x0000000100000000)
  eden space 363520K, 0% used [0x00000000e0000000,0x00000000e0000000,0x00000000f6300000)
  from space 15872K, 99% used [0x00000000f6f00000,0x00000000f7e6eb20,0x00000000f7e80000)
  to   space 53760K, 0% used [0x00000000f9780000,0x00000000f9780000,0x00000000fcc00000)
 ParOldGen       total 254464K, used 150923K [0x00000000a0000000, 0x00000000af880000, 0x00000000e0000000)
  object space 254464K, 59% used [0x00000000a0000000,0x00000000a9362d88,0x00000000af880000)
 Metaspace       used 74833K, capacity 79400K, committed 79744K, reserved 1118208K
  class space    used 9502K, capacity 10274K, committed 10368K, reserved 1048576K
}
Event: 1953.946 GC heap before
{Heap before GC invocations=25 (full 3):
 PSYoungGen      total 379392K, used 379322K [0x00000000e0000000, 0x00000000fcc00000, 0x0000000100000000)
  eden space 363520K, 100% used [0x00000000e0000000,0x00000000f6300000,0x00000000f6300000)
  from space 15872K, 99% used [0x00000000f6f00000,0x00000000f7e6eb20,0x00000000f7e80000)
  to   space 53760K, 0% used [0x00000000f9780000,0x00000000f9780000,0x00000000fcc00000)
 ParOldGen       total 254464K, used 150923K [0x00000000a0000000, 0x00000000af880000, 0x00000000e0000000)
  object space 254464K, 59% used [0x00000000a0000000,0x00000000a9362d88,0x00000000af880000)
 Metaspace       used 74998K, capacity 79534K, committed 79744K, reserved 1118208K
  class space    used 9513K, capacity 10287K, committed 10368K, reserved 1048576K
Event: 1953.953 GC heap after
Heap after GC invocations=25 (full 3):
 PSYoungGen      total 389632K, used 8442K [0x00000000e0000000, 0x00000000fbc80000, 0x0000000100000000)
  eden space 351744K, 0% used [0x00000000e0000000,0x00000000e0000000,0x00000000f5780000)
  from space 37888K, 22% used [0x00000000f9780000,0x00000000f9fbeb10,0x00000000fbc80000)
  to   space 51712K, 0% used [0x00000000f5780000,0x00000000f5780000,0x00000000f8a00000)
 ParOldGen       total 254464K, used 150931K [0x00000000a0000000, 0x00000000af880000, 0x00000000e0000000)
  object space 254464K, 59% used [0x00000000a0000000,0x00000000a9364d88,0x00000000af880000)
 Metaspace       used 74998K, capacity 79534K, committed 79744K, reserved 1118208K
  class space    used 9513K, capacity 10287K, committed 10368K, reserved 1048576K
}

