# JRE version: OpenJDK Runtime Environment (8.0_112-b06) (build 1.8.0_112-release-b06)
# Java VM: OpenJDK 64-Bit Server VM (25.112-b06 mixed mode windows-amd64 compressed oops)
Heap:
 PSYoungGen      total 461824K, used 359387K [0x00000000e0000000, 0x00000000ff700000, 0x0000000100000000)
  eden space 414720K, 82% used [0x00000000e0000000,0x00000000f4f76c60,0x00000000f9500000)
  from space 47104K, 33% used [0x00000000fc900000,0x00000000fd880050,0x00000000ff700000)
  to   space 50176K, 0% used [0x00000000f9500000,0x00000000f9500000,0x00000000fc600000)
 ParOldGen       total 219648K, used 102945K [0x00000000a0000000, 0x00000000ad680000, 0x00000000e0000000)
  object space 219648K, 46% used [0x00000000a0000000,0x00000000a6488520,0x00000000ad680000)
 Metaspace       used 84732K, capacity 91838K, committed 92160K, reserved 1130496K
  class space    used 10660K, capacity 11674K, committed 11776K, reserved 1048576K
GC Heap History (10 events):
Event: 7773.384 GC heap before
{Heap before GC invocations=74 (full 4):
 PSYoungGen      total 452608K, used 391085K [0x00000000e0000000, 0x00000000ffb80000, 0x0000000100000000)
  eden space 390656K, 100% used [0x00000000e0000000,0x00000000f7d80000,0x00000000f7d80000)
  from space 61952K, 0% used [0x00000000f7d80000,0x00000000f7deb598,0x00000000fba00000)
  to   space 60416K, 0% used [0x00000000fc080000,0x00000000fc080000,0x00000000ffb80000)
 ParOldGen       total 219648K, used 89471K [0x00000000a0000000, 0x00000000ad680000, 0x00000000e0000000)
  object space 219648K, 40% used [0x00000000a0000000,0x00000000a575fe40,0x00000000ad680000)
 Metaspace       used 82246K, capacity 88464K, committed 89088K, reserved 1126400K
  class space    used 10229K, capacity 11134K, committed 11520K, reserved 1048576K
Event: 7773.398 GC heap after
Heap after GC invocations=74 (full 4):
 PSYoungGen      total 457216K, used 32208K [0x00000000e0000000, 0x0000000100000000, 0x0000000100000000)
  eden space 396800K, 0% used [0x00000000e0000000,0x00000000e0000000,0x00000000f8380000)
  from space 60416K, 53% used [0x00000000fc080000,0x00000000fdff41b0,0x00000000ffb80000)
  to   space 62464K, 0% used [0x00000000f8380000,0x00000000f8380000,0x00000000fc080000)
 ParOldGen       total 219648K, used 89680K [0x00000000a0000000, 0x00000000ad680000, 0x00000000e0000000)
  object space 219648K, 40% used [0x00000000a0000000,0x00000000a57943f8,0x00000000ad680000)
 Metaspace       used 82246K, capacity 88464K, committed 89088K, reserved 1126400K
  class space    used 10229K, capacity 11134K, committed 11520K, reserved 1048576K
}
Event: 7808.777 GC heap before
{Heap before GC invocations=75 (full 4):
 PSYoungGen      total 457216K, used 429008K [0x00000000e0000000, 0x0000000100000000, 0x0000000100000000)
  eden space 396800K, 100% used [0x00000000e0000000,0x00000000f8380000,0x00000000f8380000)
  from space 60416K, 53% used [0x00000000fc080000,0x00000000fdff41b0,0x00000000ffb80000)
  to   space 62464K, 0% used [0x00000000f8380000,0x00000000f8380000,0x00000000fc080000)
 ParOldGen       total 219648K, used 89680K [0x00000000a0000000, 0x00000000ad680000, 0x00000000e0000000)
  object space 219648K, 40% used [0x00000000a0000000,0x00000000a57943f8,0x00000000ad680000)
 Metaspace       used 82252K, capacity 88464K, committed 89088K, reserved 1126400K
  class space    used 10229K, capacity 11134K, committed 11520K, reserved 1048576K
Event: 7808.789 GC heap after
Heap after GC invocations=75 (full 4):
 PSYoungGen      total 459264K, used 11552K [0x00000000e0000000, 0x00000000ffb00000, 0x0000000100000000)
  eden space 396800K, 0% used [0x00000000e0000000,0x00000000e0000000,0x00000000f8380000)
  from space 62464K, 18% used [0x00000000f8380000,0x00000000f8ec8080,0x00000000fc080000)
  to   space 58880K, 0% used [0x00000000fc180000,0x00000000fc180000,0x00000000ffb00000)
 ParOldGen       total 219648K, used 96973K [0x00000000a0000000, 0x00000000ad680000, 0x00000000e0000000)
  object space 219648K, 44% used [0x00000000a0000000,0x00000000a5eb34a0,0x00000000ad680000)
 Metaspace       used 82252K, capacity 88464K, committed 89088K, reserved 1126400K
  class space    used 10229K, capacity 11134K, committed 11520K, reserved 1048576K
}
Event: 8170.086 GC heap before
{Heap before GC invocations=76 (full 4):
 PSYoungGen      total 459264K, used 407138K [0x00000000e0000000, 0x00000000ffb00000, 0x0000000100000000)
  eden space 396800K, 99% used [0x00000000e0000000,0x00000000f8250960,0x00000000f8380000)
  from space 62464K, 18% used [0x00000000f8380000,0x00000000f8ec8080,0x00000000fc080000)
  to   space 58880K, 0% used [0x00000000fc180000,0x00000000fc180000,0x00000000ffb00000)
 ParOldGen       total 219648K, used 96973K [0x00000000a0000000, 0x00000000ad680000, 0x00000000e0000000)
  object space 219648K, 44% used [0x00000000a0000000,0x00000000a5eb34a0,0x00000000ad680000)
 Metaspace       used 83900K, capacity 90618K, committed 91008K, reserved 1128448K
  class space    used 10512K, capacity 11490K, committed 11648K, reserved 1048576K
Event: 8170.097 GC heap after
Heap after GC invocations=76 (full 4):
 PSYoungGen      total 457216K, used 11040K [0x00000000e0000000, 0x00000000ff680000, 0x0000000100000000)
  eden space 402944K, 0% used [0x00000000e0000000,0x00000000e0000000,0x00000000f8980000)
  from space 54272K, 20% used [0x00000000fc180000,0x00000000fcc48020,0x00000000ff680000)
  to   space 55808K, 0% used [0x00000000f8980000,0x00000000f8980000,0x00000000fc000000)
 ParOldGen       total 219648K, used 99029K [0x00000000a0000000, 0x00000000ad680000, 0x00000000e0000000)
  object space 219648K, 45% used [0x00000000a0000000,0x00000000a60b54d0,0x00000000ad680000)
 Metaspace       used 83900K, capacity 90618K, committed 91008K, reserved 1128448K
  class space    used 10512K, capacity 11490K, committed 11648K, reserved 1048576K
}
Event: 9026.726 GC heap before
{Heap before GC invocations=77 (full 4):
 PSYoungGen      total 457216K, used 413984K [0x00000000e0000000, 0x00000000ff680000, 0x0000000100000000)
  eden space 402944K, 100% used [0x00000000e0000000,0x00000000f8980000,0x00000000f8980000)
  from space 54272K, 20% used [0x00000000fc180000,0x00000000fcc48020,0x00000000ff680000)
  to   space 55808K, 0% used [0x00000000f8980000,0x00000000f8980000,0x00000000fc000000)
 ParOldGen       total 219648K, used 99029K [0x00000000a0000000, 0x00000000ad680000, 0x00000000e0000000)
  object space 219648K, 45% used [0x00000000a0000000,0x00000000a60b54d0,0x00000000ad680000)
 Metaspace       used 84616K, capacity 91596K, committed 91904K, reserved 1130496K
  class space    used 10641K, capacity 11651K, committed 11776K, reserved 1048576K
Event: 9026.741 GC heap after
Heap after GC invocations=77 (full 4):
 PSYoungGen      total 458752K, used 4992K [0x00000000e0000000, 0x00000000ffd80000, 0x0000000100000000)
  eden space 402944K, 0% used [0x00000000e0000000,0x00000000e0000000,0x00000000f8980000)
  from space 55808K, 8% used [0x00000000f8980000,0x00000000f8e60040,0x00000000fc000000)
  to   space 53760K, 0% used [0x00000000fc900000,0x00000000fc900000,0x00000000ffd80000)
 ParOldGen       total 219648K, used 101657K [0x00000000a0000000, 0x00000000ad680000, 0x00000000e0000000)
  object space 219648K, 46% used [0x00000000a0000000,0x00000000a6346500,0x00000000ad680000)
 Metaspace       used 84616K, capacity 91596K, committed 91904K, reserved 1130496K
  class space    used 10641K, capacity 11651K, committed 11776K, reserved 1048576K
}
Event: 9778.614 GC heap before
{Heap before GC invocations=78 (full 4):
 PSYoungGen      total 458752K, used 407936K [0x00000000e0000000, 0x00000000ffd80000, 0x0000000100000000)
  eden space 402944K, 100% used [0x00000000e0000000,0x00000000f8980000,0x00000000f8980000)
  from space 55808K, 8% used [0x00000000f8980000,0x00000000f8e60040,0x00000000fc000000)
  to   space 53760K, 0% used [0x00000000fc900000,0x00000000fc900000,0x00000000ffd80000)
 ParOldGen       total 219648K, used 101657K [0x00000000a0000000, 0x00000000ad680000, 0x00000000e0000000)
  object space 219648K, 46% used [0x00000000a0000000,0x00000000a6346500,0x00000000ad680000)
 Metaspace       used 84722K, capacity 91838K, committed 92160K, reserved 1130496K
  class space    used 10659K, capacity 11674K, committed 11776K, reserved 1048576K
Event: 9778.622 GC heap after
Heap after GC invocations=78 (full 4):
 PSYoungGen      total 461824K, used 15872K [0x00000000e0000000, 0x00000000ff700000, 0x0000000100000000)
  eden space 414720K, 0% used [0x00000000e0000000,0x00000000e0000000,0x00000000f9500000)
  from space 47104K, 33% used [0x00000000fc900000,0x00000000fd880050,0x00000000ff700000)
  to   space 50176K, 0% used [0x00000000f9500000,0x00000000f9500000,0x00000000fc600000)
 ParOldGen       total 219648K, used 102945K [0x00000000a0000000, 0x00000000ad680000, 0x00000000e0000000)
  object space 219648K, 46% used [0x00000000a0000000,0x00000000a6488520,0x00000000ad680000)
 Metaspace       used 84722K, capacity 91838K, committed 92160K, reserved 1130496K
  class space    used 10659K, capacity 11674K, committed 11776K, reserved 1048576K
}

